{"C:\\Users\\modes\\OneDrive\\Desktop\\Visual Studio Code\\Main\\Javascript\\Ecommerce2.0\\app.js": {"path":"C:\\Users\\modes\\OneDrive\\Desktop\\Visual Studio Code\\Main\\Javascript\\Ecommerce2.0\\app.js","statementMap":{"0":{"start":{"line":4,"column":12},"end":{"line":4,"column":21}},"1":{"start":{"line":6,"column":0},"end":{"line":6,"column":35}},"2":{"start":{"line":8,"column":0},"end":{"line":10,"column":55}},"3":{"start":{"line":10,"column":4},"end":{"line":10,"column":52}}},"fnMap":{"0":{"name":"(anonymous_0)","decl":{"start":{"line":8,"column":17},"end":{"line":8,"column":18}},"loc":{"start":{"line":8,"column":23},"end":{"line":10,"column":53}},"line":8}},"branchMap":{},"s":{"0":1,"1":1,"2":1,"3":1},"f":{"0":1},"b":{},"_coverageSchema":"1a1c01bbd47fc00a2c39e90264f33305004495a9","hash":"1a00582e81d68bfa227d22554235ab15f2cbdd2e"}
,"C:\\Users\\modes\\OneDrive\\Desktop\\Visual Studio Code\\Main\\Javascript\\Ecommerce2.0\\logger.js": {"path":"C:\\Users\\modes\\OneDrive\\Desktop\\Visual Studio Code\\Main\\Javascript\\Ecommerce2.0\\logger.js","statementMap":{"0":{"start":{"line":4,"column":28},"end":{"line":21,"column":2}}},"fnMap":{},"branchMap":{},"s":{"0":1},"f":{},"b":{},"_coverageSchema":"1a1c01bbd47fc00a2c39e90264f33305004495a9","hash":"0027e9bf46e93c58116b403a900d0dd1edf601b6"}
,"C:\\Users\\modes\\OneDrive\\Desktop\\Visual Studio Code\\Main\\Javascript\\Ecommerce2.0\\controllers\\customerController.js": {"path":"C:\\Users\\modes\\OneDrive\\Desktop\\Visual Studio Code\\Main\\Javascript\\Ecommerce2.0\\controllers\\customerController.js","statementMap":{"0":{"start":{"line":15,"column":31},"end":{"line":20,"column":1}},"1":{"start":{"line":17,"column":25},"end":{"line":17,"column":50}},"2":{"start":{"line":19,"column":4},"end":{"line":19,"column":81}},"3":{"start":{"line":22,"column":36},"end":{"line":38,"column":1}},"4":{"start":{"line":24,"column":21},"end":{"line":24,"column":67}},"5":{"start":{"line":26,"column":4},"end":{"line":31,"column":5}},"6":{"start":{"line":27,"column":8},"end":{"line":27,"column":107}},"7":{"start":{"line":29,"column":8},"end":{"line":29,"column":15}},"8":{"start":{"line":32,"column":4},"end":{"line":35,"column":5}},"9":{"start":{"line":33,"column":8},"end":{"line":33,"column":108}},"10":{"start":{"line":34,"column":8},"end":{"line":34,"column":15}},"11":{"start":{"line":37,"column":4},"end":{"line":37,"column":76}},"12":{"start":{"line":40,"column":32},"end":{"line":53,"column":1}},"13":{"start":{"line":42,"column":21},"end":{"line":42,"column":67}},"14":{"start":{"line":44,"column":4},"end":{"line":47,"column":5}},"15":{"start":{"line":45,"column":8},"end":{"line":45,"column":94}},"16":{"start":{"line":46,"column":8},"end":{"line":46,"column":15}},"17":{"start":{"line":49,"column":27},"end":{"line":49,"column":71}},"18":{"start":{"line":50,"column":4},"end":{"line":50,"column":107}},"19":{"start":{"line":52,"column":4},"end":{"line":52,"column":211}},"20":{"start":{"line":55,"column":38},"end":{"line":68,"column":1}},"21":{"start":{"line":57,"column":21},"end":{"line":57,"column":67}},"22":{"start":{"line":59,"column":4},"end":{"line":62,"column":5}},"23":{"start":{"line":60,"column":8},"end":{"line":60,"column":108}},"24":{"start":{"line":61,"column":8},"end":{"line":61,"column":15}},"25":{"start":{"line":64,"column":27},"end":{"line":64,"column":74}},"26":{"start":{"line":65,"column":4},"end":{"line":65,"column":61}},"27":{"start":{"line":67,"column":4},"end":{"line":67,"column":77}},"28":{"start":{"line":70,"column":30},"end":{"line":82,"column":1}},"29":{"start":{"line":72,"column":21},"end":{"line":72,"column":67}},"30":{"start":{"line":74,"column":4},"end":{"line":77,"column":5}},"31":{"start":{"line":75,"column":8},"end":{"line":75,"column":108}},"32":{"start":{"line":76,"column":8},"end":{"line":76,"column":15}},"33":{"start":{"line":79,"column":4},"end":{"line":79,"column":52}},"34":{"start":{"line":81,"column":4},"end":{"line":81,"column":76}}},"fnMap":{"0":{"name":"(anonymous_0)","decl":{"start":{"line":15,"column":31},"end":{"line":15,"column":32}},"loc":{"start":{"line":15,"column":60},"end":{"line":20,"column":1}},"line":15},"1":{"name":"(anonymous_1)","decl":{"start":{"line":22,"column":36},"end":{"line":22,"column":37}},"loc":{"start":{"line":22,"column":65},"end":{"line":38,"column":1}},"line":22},"2":{"name":"(anonymous_2)","decl":{"start":{"line":40,"column":32},"end":{"line":40,"column":33}},"loc":{"start":{"line":40,"column":61},"end":{"line":53,"column":1}},"line":40},"3":{"name":"(anonymous_3)","decl":{"start":{"line":55,"column":38},"end":{"line":55,"column":39}},"loc":{"start":{"line":55,"column":67},"end":{"line":68,"column":1}},"line":55},"4":{"name":"(anonymous_4)","decl":{"start":{"line":70,"column":30},"end":{"line":70,"column":31}},"loc":{"start":{"line":70,"column":59},"end":{"line":82,"column":1}},"line":70}},"branchMap":{"0":{"loc":{"start":{"line":26,"column":4},"end":{"line":31,"column":5}},"type":"if","locations":[{"start":{"line":26,"column":4},"end":{"line":31,"column":5}},{"start":{},"end":{}}],"line":26},"1":{"loc":{"start":{"line":32,"column":4},"end":{"line":35,"column":5}},"type":"if","locations":[{"start":{"line":32,"column":4},"end":{"line":35,"column":5}},{"start":{},"end":{}}],"line":32},"2":{"loc":{"start":{"line":44,"column":4},"end":{"line":47,"column":5}},"type":"if","locations":[{"start":{"line":44,"column":4},"end":{"line":47,"column":5}},{"start":{},"end":{}}],"line":44},"3":{"loc":{"start":{"line":59,"column":4},"end":{"line":62,"column":5}},"type":"if","locations":[{"start":{"line":59,"column":4},"end":{"line":62,"column":5}},{"start":{},"end":{}}],"line":59},"4":{"loc":{"start":{"line":74,"column":4},"end":{"line":77,"column":5}},"type":"if","locations":[{"start":{"line":74,"column":4},"end":{"line":77,"column":5}},{"start":{},"end":{}}],"line":74}},"s":{"0":1,"1":3,"2":3,"3":1,"4":4,"5":4,"6":1,"7":1,"8":3,"9":1,"10":1,"11":2,"12":1,"13":2,"14":2,"15":1,"16":1,"17":1,"18":1,"19":1,"20":1,"21":2,"22":2,"23":1,"24":1,"25":1,"26":1,"27":1,"28":1,"29":2,"30":2,"31":1,"32":1,"33":1,"34":1},"f":{"0":3,"1":4,"2":2,"3":2,"4":2},"b":{"0":[1,3],"1":[1,2],"2":[1,1],"3":[1,1],"4":[1,1]},"_coverageSchema":"1a1c01bbd47fc00a2c39e90264f33305004495a9","hash":"747400f9c74e40c83e71da2c0b90c0010b866326"}
,"C:\\Users\\modes\\OneDrive\\Desktop\\Visual Studio Code\\Main\\Javascript\\Ecommerce2.0\\models\\database.js": {"path":"C:\\Users\\modes\\OneDrive\\Desktop\\Visual Studio Code\\Main\\Javascript\\Ecommerce2.0\\models\\database.js","statementMap":{"0":{"start":{"line":6,"column":0},"end":{"line":6,"column":16}},"1":{"start":{"line":8,"column":13},"end":{"line":15,"column":12}}},"fnMap":{},"branchMap":{},"s":{"0":1,"1":1},"f":{},"b":{},"_coverageSchema":"1a1c01bbd47fc00a2c39e90264f33305004495a9","hash":"916487b70bd7dad216b8f775aa711870f1e59a14"}
,"C:\\Users\\modes\\OneDrive\\Desktop\\Visual Studio Code\\Main\\Javascript\\Ecommerce2.0\\routes\\customer.js": {"path":"C:\\Users\\modes\\OneDrive\\Desktop\\Visual Studio Code\\Main\\Javascript\\Ecommerce2.0\\routes\\customer.js","statementMap":{"0":{"start":{"line":16,"column":15},"end":{"line":16,"column":31}},"1":{"start":{"line":17,"column":0},"end":{"line":17,"column":26}},"2":{"start":{"line":18,"column":0},"end":{"line":18,"column":24}},"3":{"start":{"line":20,"column":0},"end":{"line":20,"column":36}},"4":{"start":{"line":21,"column":0},"end":{"line":21,"column":44}},"5":{"start":{"line":22,"column":0},"end":{"line":22,"column":43}},"6":{"start":{"line":23,"column":0},"end":{"line":23,"column":56}},"7":{"start":{"line":24,"column":0},"end":{"line":24,"column":41}}},"fnMap":{},"branchMap":{},"s":{"0":1,"1":1,"2":1,"3":1,"4":1,"5":1,"6":1,"7":1},"f":{},"b":{},"_coverageSchema":"1a1c01bbd47fc00a2c39e90264f33305004495a9","hash":"c6d2cf04b9dac658098e3a070d237eb6fe70b506"}
,"C:\\Users\\modes\\OneDrive\\Desktop\\Visual Studio Code\\Main\\Javascript\\Ecommerce2.0\\service\\customerTable.js": {"path":"C:\\Users\\modes\\OneDrive\\Desktop\\Visual Studio Code\\Main\\Javascript\\Ecommerce2.0\\service\\customerTable.js","statementMap":{"0":{"start":{"line":7,"column":19},"end":{"line":7,"column":62}},"1":{"start":{"line":8,"column":17},"end":{"line":8,"column":26}},"2":{"start":{"line":10,"column":4},"end":{"line":10,"column":15}},"3":{"start":{"line":15,"column":18},"end":{"line":15,"column":103}},"4":{"start":{"line":17,"column":4},"end":{"line":17,"column":18}},"5":{"start":{"line":22,"column":4},"end":{"line":22,"column":145}},"6":{"start":{"line":27,"column":4},"end":{"line":27,"column":100}},"7":{"start":{"line":32,"column":4},"end":{"line":32,"column":74}}},"fnMap":{"0":{"name":"queryAllCustomers","decl":{"start":{"line":5,"column":22},"end":{"line":5,"column":39}},"loc":{"start":{"line":5,"column":42},"end":{"line":11,"column":1}},"line":5},"1":{"name":"queryCustomerByEmail","decl":{"start":{"line":13,"column":22},"end":{"line":13,"column":42}},"loc":{"start":{"line":13,"column":50},"end":{"line":18,"column":1}},"line":13},"2":{"name":"createCustomer","decl":{"start":{"line":20,"column":22},"end":{"line":20,"column":36}},"loc":{"start":{"line":20,"column":75},"end":{"line":23,"column":1}},"line":20},"3":{"name":"updatePassword","decl":{"start":{"line":25,"column":22},"end":{"line":25,"column":36}},"loc":{"start":{"line":25,"column":57},"end":{"line":28,"column":1}},"line":25},"4":{"name":"deleteCustomerByEmail","decl":{"start":{"line":30,"column":22},"end":{"line":30,"column":43}},"loc":{"start":{"line":30,"column":51},"end":{"line":33,"column":1}},"line":30}},"branchMap":{},"s":{"0":3,"1":3,"2":3,"3":10,"4":10,"5":1,"6":1,"7":1},"f":{"0":3,"1":10,"2":1,"3":1,"4":1},"b":{},"_coverageSchema":"1a1c01bbd47fc00a2c39e90264f33305004495a9","hash":"a70225d8c7608431b1fe97dd09f31b6d64e0251d"}
}
