TN:
SF:app.js
FN:8,(anonymous_0)
FNF:1
FNH:1
FNDA:1,(anonymous_0)
DA:4,1
DA:6,1
DA:8,1
DA:10,1
LF:4
LH:4
BRF:0
BRH:0
end_of_record
TN:
SF:logger.js
FNF:0
FNH:0
DA:4,1
LF:1
LH:1
BRF:0
BRH:0
end_of_record
TN:
SF:controllers\customerController.js
FN:15,(anonymous_0)
FN:22,(anonymous_1)
FN:40,(anonymous_2)
FN:55,(anonymous_3)
FN:70,(anonymous_4)
FNF:5
FNH:5
FNDA:3,(anonymous_0)
FNDA:4,(anonymous_1)
FNDA:2,(anonymous_2)
FNDA:2,(anonymous_3)
FNDA:2,(anonymous_4)
DA:15,1
DA:17,3
DA:19,3
DA:22,1
DA:24,4
DA:26,4
DA:27,1
DA:29,1
DA:32,3
DA:33,1
DA:34,1
DA:37,2
DA:40,1
DA:42,2
DA:44,2
DA:45,1
DA:46,1
DA:49,1
DA:50,1
DA:52,1
DA:55,1
DA:57,2
DA:59,2
DA:60,1
DA:61,1
DA:64,1
DA:65,1
DA:67,1
DA:70,1
DA:72,2
DA:74,2
DA:75,1
DA:76,1
DA:79,1
DA:81,1
LF:35
LH:35
BRDA:26,0,0,1
BRDA:26,0,1,3
BRDA:32,1,0,1
BRDA:32,1,1,2
BRDA:44,2,0,1
BRDA:44,2,1,1
BRDA:59,3,0,1
BRDA:59,3,1,1
BRDA:74,4,0,1
BRDA:74,4,1,1
BRF:10
BRH:10
end_of_record
TN:
SF:models\database.js
FNF:0
FNH:0
DA:6,1
DA:8,1
LF:2
LH:2
BRF:0
BRH:0
end_of_record
TN:
SF:routes\customer.js
FNF:0
FNH:0
DA:16,1
DA:17,1
DA:18,1
DA:20,1
DA:21,1
DA:22,1
DA:23,1
DA:24,1
LF:8
LH:8
BRF:0
BRH:0
end_of_record
TN:
SF:service\customerTable.js
FN:5,queryAllCustomers
FN:13,queryCustomerByEmail
FN:20,createCustomer
FN:25,updatePassword
FN:30,deleteCustomerByEmail
FNF:5
FNH:5
FNDA:3,queryAllCustomers
FNDA:10,queryCustomerByEmail
FNDA:1,createCustomer
FNDA:1,updatePassword
FNDA:1,deleteCustomerByEmail
DA:7,3
DA:8,3
DA:10,3
DA:15,10
DA:17,10
DA:22,1
DA:27,1
DA:32,1
LF:8
LH:8
BRF:0
BRH:0
end_of_record
